2023-07-29 01:05:48,790 [Worker-5: Loading available Gradle versions] INFO  o.e.b.c.i.u.g.PublishedGradleVersions - Gradle version information cache is out-of-date. Trying to update.
2023-07-29 01:23:18,891 [Worker-7: Loading available Gradle versions] INFO  o.e.b.c.i.u.g.PublishedGradleVersions - Gradle version information cache is up-to-date. Trying to read.
2023-07-29 01:24:56,774 [Worker-1: Creating project "Program1"] INFO  o.e.m.c.i.l.LifecycleMappingFactory - Using org.eclipse.m2e.jdt.JarLifecycleMapping lifecycle mapping for MavenProject: com.cdac:Program1:0.0.1-SNAPSHOT @ C:\Users\Shweta\Desktop\DockerPractice\Program1\pom.xml.
2023-07-29 01:24:59,801 [Worker-1: Creating project "Program1"] INFO  o.e.m.j.i.AbstractJavaProjectConfigurator - Adding source folder /Program1/src/main/java
2023-07-29 01:24:59,804 [Worker-1: Creating project "Program1"] INFO  o.e.m.j.i.AbstractJavaProjectConfigurator - Adding resource folder /Program1/src/main/resources
2023-07-29 01:24:59,806 [Worker-1: Creating project "Program1"] INFO  o.e.m.j.i.AbstractJavaProjectConfigurator - Adding source folder /Program1/src/test/java
2023-07-29 01:24:59,807 [Worker-1: Creating project "Program1"] INFO  o.e.m.j.i.AbstractJavaProjectConfigurator - Adding resource folder /Program1/src/test/resources
2023-07-29 01:25:00,763 [Worker-16: Building] WARN  o.a.m.s.f.DefaultMavenResourcesFiltering - Using platform encoding (Cp1252 actually) to copy filtered resources, i.e. build is platform dependent!
2023-07-29 01:25:00,781 [Worker-16: Building] INFO  o.a.m.s.f.DefaultMavenResourcesFiltering - Copying 0 resource
2023-07-29 01:25:00,793 [Worker-16: Building] WARN  o.a.m.s.f.DefaultMavenResourcesFiltering - Using platform encoding (Cp1252 actually) to copy filtered resources, i.e. build is platform dependent!
2023-07-29 01:25:00,795 [Worker-16: Building] INFO  o.a.m.s.f.DefaultMavenResourcesFiltering - Copying 0 resource
2023-07-29 01:25:29,623 [Worker-5: Building] WARN  o.a.m.s.f.DefaultMavenResourcesFiltering - Using platform encoding (Cp1252 actually) to copy filtered resources, i.e. build is platform dependent!
2023-07-29 01:25:29,637 [Worker-5: Building] INFO  o.a.m.s.f.DefaultMavenResourcesFiltering - Copying 0 resource
2023-07-29 01:25:29,655 [Worker-5: Building] WARN  o.a.m.s.f.DefaultMavenResourcesFiltering - Using platform encoding (Cp1252 actually) to copy filtered resources, i.e. build is platform dependent!
2023-07-29 01:25:29,657 [Worker-5: Building] INFO  o.a.m.s.f.DefaultMavenResourcesFiltering - Copying 0 resource
2023-07-29 01:25:52,172 [Worker-17: Building] WARN  o.a.m.s.f.DefaultMavenResourcesFiltering - Using platform encoding (Cp1252 actually) to copy filtered resources, i.e. build is platform dependent!
2023-07-29 01:25:52,177 [Worker-17: Building] INFO  o.a.m.s.f.DefaultMavenResourcesFiltering - Copying 0 resource
2023-07-29 01:25:52,190 [Worker-17: Building] WARN  o.a.m.s.f.DefaultMavenResourcesFiltering - Using platform encoding (Cp1252 actually) to copy filtered resources, i.e. build is platform dependent!
2023-07-29 01:25:52,192 [Worker-17: Building] INFO  o.a.m.s.f.DefaultMavenResourcesFiltering - Copying 0 resource
2023-07-29 01:45:46,774 [Worker-1: Building] INFO  o.e.m.c.i.l.LifecycleMappingFactory - Using org.eclipse.m2e.jdt.JarLifecycleMapping lifecycle mapping for MavenProject: com.cdac:Program1:0.0.1-SNAPSHOT @ C:\Users\Shweta\Desktop\DockerPractice\Program1\pom.xml.
2023-07-29 01:45:47,689 [AetherRepositoryConnector-repo.maven.apache.org-0-3] INFO  o.e.m.c.i.e.AbstractTransferListenerAdapter - Downloading https://repo.maven.apache.org/maven2/org/apache/pdfbox/pdfbox-tools/2.0.0/pdfbox-tools-2.0.0.jar
2023-07-29 01:45:47,774 [AetherRepositoryConnector-repo.maven.apache.org-0-1] INFO  o.e.m.c.i.e.AbstractTransferListenerAdapter - Downloading https://repo.maven.apache.org/maven2/org/apache/pdfbox/fontbox/2.0.0/fontbox-2.0.0.jar
2023-07-29 01:45:47,775 [AetherRepositoryConnector-repo.maven.apache.org-0-2] INFO  o.e.m.c.i.e.AbstractTransferListenerAdapter - Downloading https://repo.maven.apache.org/maven2/org/apache/pdfbox/preflight/2.0.0/preflight-2.0.0.jar
2023-07-29 01:45:47,776 [AetherRepositoryConnector-repo.maven.apache.org-0-0] INFO  o.e.m.c.i.e.AbstractTransferListenerAdapter - Downloading https://repo.maven.apache.org/maven2/org/apache/pdfbox/pdfbox/2.0.1/pdfbox-2.0.1.jar
2023-07-29 01:45:47,776 [AetherRepositoryConnector-repo.maven.apache.org-0-4] INFO  o.e.m.c.i.e.AbstractTransferListenerAdapter - Downloading https://repo.maven.apache.org/maven2/org/apache/pdfbox/pdfbox-debugger/2.0.0/pdfbox-debugger-2.0.0.jar
2023-07-29 01:45:48,093 [AetherRepositoryConnector-repo.maven.apache.org-0-3] INFO  o.e.m.c.i.e.AbstractTransferListenerAdapter - Downloaded https://repo.maven.apache.org/maven2/org/apache/pdfbox/pdfbox-tools/2.0.0/pdfbox-tools-2.0.0.jar
2023-07-29 01:45:48,284 [AetherRepositoryConnector-repo.maven.apache.org-0-2] INFO  o.e.m.c.i.e.AbstractTransferListenerAdapter - Downloaded https://repo.maven.apache.org/maven2/org/apache/pdfbox/preflight/2.0.0/preflight-2.0.0.jar
2023-07-29 01:45:48,285 [AetherRepositoryConnector-repo.maven.apache.org-0-4] INFO  o.e.m.c.i.e.AbstractTransferListenerAdapter - Downloaded https://repo.maven.apache.org/maven2/org/apache/pdfbox/pdfbox-debugger/2.0.0/pdfbox-debugger-2.0.0.jar
2023-07-29 01:45:48,685 [AetherRepositoryConnector-repo.maven.apache.org-0-1] INFO  o.e.m.c.i.e.AbstractTransferListenerAdapter - Downloaded https://repo.maven.apache.org/maven2/org/apache/pdfbox/fontbox/2.0.0/fontbox-2.0.0.jar
2023-07-29 01:45:48,756 [AetherRepositoryConnector-repo.maven.apache.org-0-0] INFO  o.e.m.c.i.e.AbstractTransferListenerAdapter - Downloaded https://repo.maven.apache.org/maven2/org/apache/pdfbox/pdfbox/2.0.1/pdfbox-2.0.1.jar
2023-07-29 01:45:49,121 [Worker-1: Building] WARN  o.a.m.s.f.DefaultMavenResourcesFiltering - Using platform encoding (Cp1252 actually) to copy filtered resources, i.e. build is platform dependent!
2023-07-29 01:45:49,126 [Worker-1: Building] INFO  o.a.m.s.f.DefaultMavenResourcesFiltering - Copying 0 resource
2023-07-29 01:45:49,137 [Worker-1: Building] WARN  o.a.m.s.f.DefaultMavenResourcesFiltering - Using platform encoding (Cp1252 actually) to copy filtered resources, i.e. build is platform dependent!
2023-07-29 01:45:49,139 [Worker-1: Building] INFO  o.a.m.s.f.DefaultMavenResourcesFiltering - Copying 0 resource
2023-07-29 01:45:50,014 [Worker-25: Download sources and javadoc] INFO  o.e.m.c.i.e.AbstractTransferListenerAdapter - Downloading https://repo.maven.apache.org/maven2/org/apache/pdfbox/pdfbox/2.0.1/pdfbox-2.0.1-sources.jar
2023-07-29 01:45:50,472 [Worker-25: Download sources and javadoc] INFO  o.e.m.c.i.e.AbstractTransferListenerAdapter - Downloaded https://repo.maven.apache.org/maven2/org/apache/pdfbox/pdfbox/2.0.1/pdfbox-2.0.1-sources.jar
2023-07-29 01:45:50,534 [Worker-25: Download sources and javadoc] INFO  o.e.m.j.internal.DownloadSourcesJob - Downloaded sources for org.apache.pdfbox:pdfbox:2.0.1
2023-07-29 01:45:50,617 [Worker-25: Download sources and javadoc] INFO  o.e.m.c.i.e.AbstractTransferListenerAdapter - Downloading https://repo.maven.apache.org/maven2/org/apache/pdfbox/fontbox/2.0.0/fontbox-2.0.0-sources.jar
2023-07-29 01:45:51,134 [Worker-25: Download sources and javadoc] INFO  o.e.m.c.i.e.AbstractTransferListenerAdapter - Downloaded https://repo.maven.apache.org/maven2/org/apache/pdfbox/fontbox/2.0.0/fontbox-2.0.0-sources.jar
2023-07-29 01:45:51,143 [Worker-25: Download sources and javadoc] INFO  o.e.m.j.internal.DownloadSourcesJob - Downloaded sources for org.apache.pdfbox:fontbox:2.0.0
2023-07-29 01:45:51,202 [Worker-25: Download sources and javadoc] INFO  o.e.m.c.i.e.AbstractTransferListenerAdapter - Downloading https://repo.maven.apache.org/maven2/org/apache/pdfbox/jempbox/1.8.11/jempbox-1.8.11-sources.jar
2023-07-29 01:45:51,281 [Worker-25: Download sources and javadoc] INFO  o.e.m.c.i.e.AbstractTransferListenerAdapter - Downloaded https://repo.maven.apache.org/maven2/org/apache/pdfbox/jempbox/1.8.11/jempbox-1.8.11-sources.jar
2023-07-29 01:45:51,305 [Worker-25: Download sources and javadoc] INFO  o.e.m.j.internal.DownloadSourcesJob - Downloaded sources for org.apache.pdfbox:jempbox:1.8.11
2023-07-29 01:45:51,351 [Worker-25: Download sources and javadoc] INFO  o.e.m.c.i.e.AbstractTransferListenerAdapter - Downloading https://repo.maven.apache.org/maven2/org/apache/pdfbox/xmpbox/2.0.0/xmpbox-2.0.0-sources.jar
2023-07-29 01:45:51,448 [Worker-25: Download sources and javadoc] INFO  o.e.m.c.i.e.AbstractTransferListenerAdapter - Downloaded https://repo.maven.apache.org/maven2/org/apache/pdfbox/xmpbox/2.0.0/xmpbox-2.0.0-sources.jar
2023-07-29 01:45:51,476 [Worker-25: Download sources and javadoc] INFO  o.e.m.j.internal.DownloadSourcesJob - Downloaded sources for org.apache.pdfbox:xmpbox:2.0.0
2023-07-29 01:45:51,559 [Worker-25: Download sources and javadoc] INFO  o.e.m.c.i.e.AbstractTransferListenerAdapter - Downloading https://repo.maven.apache.org/maven2/org/apache/pdfbox/preflight/2.0.0/preflight-2.0.0-sources.jar
2023-07-29 01:45:51,653 [Worker-25: Download sources and javadoc] INFO  o.e.m.c.i.e.AbstractTransferListenerAdapter - Downloaded https://repo.maven.apache.org/maven2/org/apache/pdfbox/preflight/2.0.0/preflight-2.0.0-sources.jar
2023-07-29 01:45:51,662 [Worker-25: Download sources and javadoc] INFO  o.e.m.j.internal.DownloadSourcesJob - Downloaded sources for org.apache.pdfbox:preflight:2.0.0
2023-07-29 01:45:51,740 [Worker-25: Download sources and javadoc] INFO  o.e.m.c.i.e.AbstractTransferListenerAdapter - Downloading https://repo.maven.apache.org/maven2/org/apache/pdfbox/pdfbox-tools/2.0.0/pdfbox-tools-2.0.0-sources.jar
2023-07-29 01:45:51,824 [Worker-25: Download sources and javadoc] INFO  o.e.m.c.i.e.AbstractTransferListenerAdapter - Downloaded https://repo.maven.apache.org/maven2/org/apache/pdfbox/pdfbox-tools/2.0.0/pdfbox-tools-2.0.0-sources.jar
2023-07-29 01:45:51,832 [Worker-25: Download sources and javadoc] INFO  o.e.m.j.internal.DownloadSourcesJob - Downloaded sources for org.apache.pdfbox:pdfbox-tools:2.0.0
2023-07-29 01:45:51,892 [Worker-25: Download sources and javadoc] INFO  o.e.m.c.i.e.AbstractTransferListenerAdapter - Downloading https://repo.maven.apache.org/maven2/org/apache/pdfbox/pdfbox-debugger/2.0.0/pdfbox-debugger-2.0.0-sources.jar
2023-07-29 01:45:52,000 [Worker-25: Download sources and javadoc] INFO  o.e.m.c.i.e.AbstractTransferListenerAdapter - Downloaded https://repo.maven.apache.org/maven2/org/apache/pdfbox/pdfbox-debugger/2.0.0/pdfbox-debugger-2.0.0-sources.jar
2023-07-29 01:45:52,010 [Worker-25: Download sources and javadoc] INFO  o.e.m.j.internal.DownloadSourcesJob - Downloaded sources for org.apache.pdfbox:pdfbox-debugger:2.0.0
2023-07-29 01:46:40,589 [main] INFO  o.e.m2e.actions.ExecutePomAction - Creating new launch configuration
2023-07-29 01:47:24,338 [Worker-30: Launching Program1 (1)] INFO  o.eclipse.m2e.core.internal.Bundles - getClasspathEntries(Bundle=org.eclipse.m2e.maven.runtime_3.9.100.20230519-1558 [616])
2023-07-29 01:47:24,386 [Worker-30: Launching Program1 (1)] INFO  o.eclipse.m2e.core.internal.Bundles - 	Entry: G:\eclipse\plugins\org.eclipse.m2e.maven.runtime_3.9.100.20230519-1558
2023-07-29 01:47:24,387 [Worker-30: Launching Program1 (1)] INFO  o.eclipse.m2e.core.internal.Bundles - 	Entry: G:\eclipse\plugins\org.eclipse.m2e.maven.runtime_3.9.100.20230519-1558\jars\aether-connector-okhttp-0.17.8.jar
2023-07-29 01:47:24,388 [Worker-30: Launching Program1 (1)] INFO  o.eclipse.m2e.core.internal.Bundles - 	Entry: G:\eclipse\plugins\org.eclipse.m2e.maven.runtime_3.9.100.20230519-1558\jars\aopalliance-1.0.jar
2023-07-29 01:47:24,388 [Worker-30: Launching Program1 (1)] INFO  o.eclipse.m2e.core.internal.Bundles - 	Entry: G:\eclipse\plugins\org.eclipse.m2e.maven.runtime_3.9.100.20230519-1558\jars\commons-lang3-3.8.1.jar
2023-07-29 01:47:24,389 [Worker-30: Launching Program1 (1)] INFO  o.eclipse.m2e.core.internal.Bundles - 	Entry: G:\eclipse\plugins\org.eclipse.m2e.maven.runtime_3.9.100.20230519-1558\jars\failureaccess-1.0.1.jar
2023-07-29 01:47:24,389 [Worker-30: Launching Program1 (1)] INFO  o.eclipse.m2e.core.internal.Bundles - 	Entry: G:\eclipse\plugins\org.eclipse.m2e.maven.runtime_3.9.100.20230519-1558\jars\guava-30.1-jre.jar
2023-07-29 01:47:24,390 [Worker-30: Launching Program1 (1)] INFO  o.eclipse.m2e.core.internal.Bundles - 	Entry: G:\eclipse\plugins\org.eclipse.m2e.maven.runtime_3.9.100.20230519-1558\jars\guice-5.1.0.jar
2023-07-29 01:47:24,391 [Worker-30: Launching Program1 (1)] INFO  o.eclipse.m2e.core.internal.Bundles - 	Entry: G:\eclipse\plugins\org.eclipse.m2e.maven.runtime_3.9.100.20230519-1558\jars\jansi-2.4.0.jar
2023-07-29 01:47:24,392 [Worker-30: Launching Program1 (1)] INFO  o.eclipse.m2e.core.internal.Bundles - 	Entry: G:\eclipse\plugins\org.eclipse.m2e.maven.runtime_3.9.100.20230519-1558\jars\maven-artifact-3.9.1.jar
2023-07-29 01:47:24,393 [Worker-30: Launching Program1 (1)] INFO  o.eclipse.m2e.core.internal.Bundles - 	Entry: G:\eclipse\plugins\org.eclipse.m2e.maven.runtime_3.9.100.20230519-1558\jars\maven-builder-support-3.9.1.jar
2023-07-29 01:47:24,394 [Worker-30: Launching Program1 (1)] INFO  o.eclipse.m2e.core.internal.Bundles - 	Entry: G:\eclipse\plugins\org.eclipse.m2e.maven.runtime_3.9.100.20230519-1558\jars\maven-compat-3.9.1.jar
2023-07-29 01:47:24,394 [Worker-30: Launching Program1 (1)] INFO  o.eclipse.m2e.core.internal.Bundles - 	Entry: G:\eclipse\plugins\org.eclipse.m2e.maven.runtime_3.9.100.20230519-1558\jars\maven-core-3.9.1.jar
2023-07-29 01:47:24,395 [Worker-30: Launching Program1 (1)] INFO  o.eclipse.m2e.core.internal.Bundles - 	Entry: G:\eclipse\plugins\org.eclipse.m2e.maven.runtime_3.9.100.20230519-1558\jars\maven-embedder-3.9.1.jar
2023-07-29 01:47:24,395 [Worker-30: Launching Program1 (1)] INFO  o.eclipse.m2e.core.internal.Bundles - 	Entry: G:\eclipse\plugins\org.eclipse.m2e.maven.runtime_3.9.100.20230519-1558\jars\maven-model-3.9.1.jar
2023-07-29 01:47:24,396 [Worker-30: Launching Program1 (1)] INFO  o.eclipse.m2e.core.internal.Bundles - 	Entry: G:\eclipse\plugins\org.eclipse.m2e.maven.runtime_3.9.100.20230519-1558\jars\maven-model-builder-3.9.1.jar
2023-07-29 01:47:24,397 [Worker-30: Launching Program1 (1)] INFO  o.eclipse.m2e.core.internal.Bundles - 	Entry: G:\eclipse\plugins\org.eclipse.m2e.maven.runtime_3.9.100.20230519-1558\jars\maven-plugin-api-3.9.1.jar
2023-07-29 01:47:24,398 [Worker-30: Launching Program1 (1)] INFO  o.eclipse.m2e.core.internal.Bundles - 	Entry: G:\eclipse\plugins\org.eclipse.m2e.maven.runtime_3.9.100.20230519-1558\jars\maven-repository-metadata-3.9.1.jar
2023-07-29 01:47:24,399 [Worker-30: Launching Program1 (1)] INFO  o.eclipse.m2e.core.internal.Bundles - 	Entry: G:\eclipse\plugins\org.eclipse.m2e.maven.runtime_3.9.100.20230519-1558\jars\maven-resolver-api-1.9.7.jar
2023-07-29 01:47:24,399 [Worker-30: Launching Program1 (1)] INFO  o.eclipse.m2e.core.internal.Bundles - 	Entry: G:\eclipse\plugins\org.eclipse.m2e.maven.runtime_3.9.100.20230519-1558\jars\maven-resolver-connector-basic-1.9.7.jar
2023-07-29 01:47:24,399 [Worker-30: Launching Program1 (1)] INFO  o.eclipse.m2e.core.internal.Bundles - 	Entry: G:\eclipse\plugins\org.eclipse.m2e.maven.runtime_3.9.100.20230519-1558\jars\maven-resolver-impl-1.9.7.jar
2023-07-29 01:47:24,400 [Worker-30: Launching Program1 (1)] INFO  o.eclipse.m2e.core.internal.Bundles - 	Entry: G:\eclipse\plugins\org.eclipse.m2e.maven.runtime_3.9.100.20230519-1558\jars\maven-resolver-named-locks-1.9.7.jar
2023-07-29 01:47:24,400 [Worker-30: Launching Program1 (1)] INFO  o.eclipse.m2e.core.internal.Bundles - 	Entry: G:\eclipse\plugins\org.eclipse.m2e.maven.runtime_3.9.100.20230519-1558\jars\maven-resolver-provider-3.9.1.jar
2023-07-29 01:47:24,400 [Worker-30: Launching Program1 (1)] INFO  o.eclipse.m2e.core.internal.Bundles - 	Entry: G:\eclipse\plugins\org.eclipse.m2e.maven.runtime_3.9.100.20230519-1558\jars\maven-resolver-spi-1.9.7.jar
2023-07-29 01:47:24,401 [Worker-30: Launching Program1 (1)] INFO  o.eclipse.m2e.core.internal.Bundles - 	Entry: G:\eclipse\plugins\org.eclipse.m2e.maven.runtime_3.9.100.20230519-1558\jars\maven-resolver-transport-wagon-1.9.7.jar
2023-07-29 01:47:24,401 [Worker-30: Launching Program1 (1)] INFO  o.eclipse.m2e.core.internal.Bundles - 	Entry: G:\eclipse\plugins\org.eclipse.m2e.maven.runtime_3.9.100.20230519-1558\jars\maven-resolver-util-1.9.7.jar
2023-07-29 01:47:24,402 [Worker-30: Launching Program1 (1)] INFO  o.eclipse.m2e.core.internal.Bundles - 	Entry: G:\eclipse\plugins\org.eclipse.m2e.maven.runtime_3.9.100.20230519-1558\jars\maven-settings-3.9.1.jar
2023-07-29 01:47:24,402 [Worker-30: Launching Program1 (1)] INFO  o.eclipse.m2e.core.internal.Bundles - 	Entry: G:\eclipse\plugins\org.eclipse.m2e.maven.runtime_3.9.100.20230519-1558\jars\maven-settings-builder-3.9.1.jar
2023-07-29 01:47:24,402 [Worker-30: Launching Program1 (1)] INFO  o.eclipse.m2e.core.internal.Bundles - 	Entry: G:\eclipse\plugins\org.eclipse.m2e.maven.runtime_3.9.100.20230519-1558\jars\maven-shared-utils-3.3.4.jar
2023-07-29 01:47:24,403 [Worker-30: Launching Program1 (1)] INFO  o.eclipse.m2e.core.internal.Bundles - 	Entry: G:\eclipse\plugins\org.eclipse.m2e.maven.runtime_3.9.100.20230519-1558\jars\okhttp-3.14.1.jar
2023-07-29 01:47:24,403 [Worker-30: Launching Program1 (1)] INFO  o.eclipse.m2e.core.internal.Bundles - 	Entry: G:\eclipse\plugins\org.eclipse.m2e.maven.runtime_3.9.100.20230519-1558\jars\okio-1.17.3.jar
2023-07-29 01:47:24,403 [Worker-30: Launching Program1 (1)] INFO  o.eclipse.m2e.core.internal.Bundles - 	Entry: G:\eclipse\plugins\org.eclipse.m2e.maven.runtime_3.9.100.20230519-1558\jars\org.eclipse.sisu.inject-0.3.5.jar
2023-07-29 01:47:24,403 [Worker-30: Launching Program1 (1)] INFO  o.eclipse.m2e.core.internal.Bundles - 	Entry: G:\eclipse\plugins\org.eclipse.m2e.maven.runtime_3.9.100.20230519-1558\jars\org.eclipse.sisu.plexus-0.3.5.jar
2023-07-29 01:47:24,404 [Worker-30: Launching Program1 (1)] INFO  o.eclipse.m2e.core.internal.Bundles - 	Entry: G:\eclipse\plugins\org.eclipse.m2e.maven.runtime_3.9.100.20230519-1558\jars\plexus-build-api-0.0.7.jar
2023-07-29 01:47:24,404 [Worker-30: Launching Program1 (1)] INFO  o.eclipse.m2e.core.internal.Bundles - 	Entry: G:\eclipse\plugins\org.eclipse.m2e.maven.runtime_3.9.100.20230519-1558\jars\plexus-cipher-2.0.jar
2023-07-29 01:47:24,405 [Worker-30: Launching Program1 (1)] INFO  o.eclipse.m2e.core.internal.Bundles - 	Entry: G:\eclipse\plugins\org.eclipse.m2e.maven.runtime_3.9.100.20230519-1558\jars\plexus-classworlds-2.6.0.jar
2023-07-29 01:47:24,405 [Worker-30: Launching Program1 (1)] INFO  o.eclipse.m2e.core.internal.Bundles - 	Entry: G:\eclipse\plugins\org.eclipse.m2e.maven.runtime_3.9.100.20230519-1558\jars\plexus-component-annotations-2.1.0.jar
2023-07-29 01:47:24,405 [Worker-30: Launching Program1 (1)] INFO  o.eclipse.m2e.core.internal.Bundles - 	Entry: G:\eclipse\plugins\org.eclipse.m2e.maven.runtime_3.9.100.20230519-1558\jars\plexus-interpolation-1.26.jar
2023-07-29 01:47:24,405 [Worker-30: Launching Program1 (1)] INFO  o.eclipse.m2e.core.internal.Bundles - 	Entry: G:\eclipse\plugins\org.eclipse.m2e.maven.runtime_3.9.100.20230519-1558\jars\plexus-sec-dispatcher-2.0.jar
2023-07-29 01:47:24,405 [Worker-30: Launching Program1 (1)] INFO  o.eclipse.m2e.core.internal.Bundles - 	Entry: G:\eclipse\plugins\org.eclipse.m2e.maven.runtime_3.9.100.20230519-1558\jars\plexus-utils-3.5.1.jar
2023-07-29 01:47:24,406 [Worker-30: Launching Program1 (1)] INFO  o.eclipse.m2e.core.internal.Bundles - 	Entry: G:\eclipse\plugins\org.eclipse.m2e.maven.runtime_3.9.100.20230519-1558\jars\wagon-file-3.5.3.jar
2023-07-29 01:47:24,407 [Worker-30: Launching Program1 (1)] INFO  o.eclipse.m2e.core.internal.Bundles - 	Entry: G:\eclipse\plugins\org.eclipse.m2e.maven.runtime_3.9.100.20230519-1558\jars\wagon-provider-api-3.5.3.jar
2023-07-29 01:47:24,410 [Worker-30: Launching Program1 (1)] INFO  o.eclipse.m2e.core.internal.Bundles - getClasspathEntries(Bundle=com.google.guava_31.1.0.jre [13])
2023-07-29 01:47:24,413 [Worker-30: Launching Program1 (1)] INFO  o.eclipse.m2e.core.internal.Bundles - 	Entry: G:\eclipse\plugins\com.google.guava_31.1.0.jre.jar
2023-07-29 01:47:24,413 [Worker-30: Launching Program1 (1)] INFO  o.eclipse.m2e.core.internal.Bundles - getClasspathEntries(Bundle=slf4j.api_1.7.36 [1019])
2023-07-29 01:47:24,414 [Worker-30: Launching Program1 (1)] INFO  o.eclipse.m2e.core.internal.Bundles - 	Entry: G:\eclipse\plugins\slf4j.api_1.7.36.jar
2023-07-29 01:47:24,414 [Worker-30: Launching Program1 (1)] INFO  o.eclipse.m2e.core.internal.Bundles - getClasspathEntries(Bundle=javax.inject_1.0.0.v20220405-0441 [37])
2023-07-29 01:47:24,416 [Worker-30: Launching Program1 (1)] INFO  o.eclipse.m2e.core.internal.Bundles - 	Entry: G:\eclipse\plugins\javax.inject_1.0.0.v20220405-0441.jar
2023-07-29 01:47:24,416 [Worker-30: Launching Program1 (1)] INFO  o.eclipse.m2e.core.internal.Bundles - getClasspathEntries(Bundle=javax.annotation_1.3.5.v20230504-0748 [35])
2023-07-29 01:47:24,417 [Worker-30: Launching Program1 (1)] INFO  o.eclipse.m2e.core.internal.Bundles - 	Entry: G:\eclipse\plugins\javax.annotation_1.3.5.v20230504-0748.jar
2023-07-29 01:47:24,418 [Worker-30: Launching Program1 (1)] INFO  o.eclipse.m2e.core.internal.Bundles - getClasspathEntries(Bundle=org.apache.commons.cli_1.5.0 [69])
2023-07-29 01:47:24,420 [Worker-30: Launching Program1 (1)] INFO  o.eclipse.m2e.core.internal.Bundles - 	Entry: G:\eclipse\plugins\org.apache.commons.cli_1.5.0.jar
2023-07-29 01:47:24,420 [Worker-30: Launching Program1 (1)] INFO  o.eclipse.m2e.core.internal.Bundles - getClasspathEntries(Bundle=com.google.guava.failureaccess_1.0.1 [14])
2023-07-29 01:47:24,421 [Worker-30: Launching Program1 (1)] INFO  o.eclipse.m2e.core.internal.Bundles - 	Entry: G:\eclipse\plugins\com.google.guava.failureaccess_1.0.1.jar
2023-07-29 01:47:24,434 [Worker-30: Launching Program1 (1)] INFO  o.e.m.i.launch.MavenLaunchDelegate - Run build in "C:\Users\Shweta\Desktop\DockerPractice\Program1":
2023-07-29 01:47:24,435 [Worker-30: Launching Program1 (1)] INFO  o.e.m.i.launch.MavenLaunchDelegate -  mvn  -B -Dstyle.color=always package
